[02.04 01:15:12] AUDIT, Player 가츠 has invalid skill 나이트후드 (429/13), class:에바스 템플러, Player:가츠[268469059], BROADCAST
[02.07 00:08:16] AUDIT, Player 가츠 has invalid skill null (30267/1), class:미스틱 뮤즈, Player:가츠[268469059], BROADCAST
[02.07 00:30:56] AUDIT, Player 가츠 has invalid skill 추가 입장권 - 카마로카 (심연의 홀) (2589/1), class:미스틱 뮤즈, Player:가츠[268469059], BROADCAST
[02.08 15:22:09] AUDIT, Player 가츠 has invalid skill 매지션즈 무브먼트 (118/1), class:엘븐 나이트, Player:가츠[268469059], BROADCAST
[02.08 15:22:09] AUDIT, Player 가츠 has invalid skill 안티 매직 (146/54), class:엘븐 나이트, Player:가츠[268469059], BROADCAST
[02.08 15:22:09] AUDIT, Player 가츠 has invalid skill 스펠 크래프트 (163/1), class:엘븐 나이트, Player:가츠[268469059], BROADCAST
[02.08 15:22:09] AUDIT, Player 가츠 has invalid skill 퀵 리커버리 (164/3), class:엘븐 나이트, Player:가츠[268469059], BROADCAST
[02.08 15:22:09] AUDIT, Player 가츠 has invalid skill 패스트 HP 리커버리 (212/6), class:엘븐 나이트, Player:가츠[268469059], BROADCAST
[02.08 15:22:09] AUDIT, Player 가츠 has invalid skill 부스트 마나 (213/8), class:엘븐 나이트, Player:가츠[268469059], BROADCAST
[02.08 15:22:09] AUDIT, Player 가츠 has invalid skill 마나 리커버리 (214/1), class:엘븐 나이트, Player:가츠[268469059], BROADCAST
[02.08 15:22:09] AUDIT, Player 가츠 has invalid skill 패스트 스펠 캐스팅 (228/3), class:엘븐 나이트, Player:가츠[268469059], BROADCAST
[02.08 15:22:09] AUDIT, Player 가츠 has invalid skill 패스트 마나 리커버리 (229/7), class:엘븐 나이트, Player:가츠[268469059], BROADCAST
[02.08 15:22:09] AUDIT, Player 가츠 has invalid skill 로브 마스터리 (234/50), class:엘븐 나이트, Player:가츠[268469059], BROADCAST
[02.08 15:22:09] AUDIT, Player 가츠 has invalid skill 아머 마스터리 (244/3), class:엘븐 나이트, Player:가츠[268469059], BROADCAST
[02.08 15:22:09] AUDIT, Player 가츠 has invalid skill 웨폰 마스터리 (249/51), class:엘븐 나이트, Player:가츠[268469059], BROADCAST
[02.08 15:22:09] AUDIT, Player 가츠 has invalid skill 하이어 마나 게인 (285/35), class:엘븐 나이트, Player:가츠[268469059], BROADCAST
[02.08 15:22:09] AUDIT, Player 가츠 has invalid skill 아케인 파워 (337/8), class:엘븐 나이트, Player:가츠[268469059], BROADCAST
[02.08 15:22:09] AUDIT, Player 가츠 has invalid skill 매지션즈 윌 (945/1), class:엘븐 나이트, Player:가츠[268469059], BROADCAST
[02.08 15:22:09] AUDIT, Player 가츠 has invalid skill 힐 (1011/6), class:엘븐 나이트, Player:가츠[268469059], BROADCAST
[02.08 15:22:09] AUDIT, Player 가츠 has invalid skill 큐어 포이즌 (1012/1), class:엘븐 나이트, Player:가츠[268469059], BROADCAST
[02.08 15:22:09] AUDIT, Player 가츠 has invalid skill 배틀 힐 (1015/3), class:엘븐 나이트, Player:가츠[268469059], BROADCAST
[02.08 15:22:09] AUDIT, Player 가츠 has invalid skill 그룹 힐 (1027/3), class:엘븐 나이트, Player:가츠[268469059], BROADCAST
[02.08 15:22:09] AUDIT, Player 가츠 has invalid skill 실드 (1040/1), class:엘븐 나이트, Player:가츠[268469059], BROADCAST
[02.08 15:22:09] AUDIT, Player 가츠 has invalid skill 마나 리제네레이션 (1047/5), class:엘븐 나이트, Player:가츠[268469059], BROADCAST
[02.08 15:22:09] AUDIT, Player 가츠 has invalid skill 캔슬 (1056/12), class:엘븐 나이트, Player:가츠[268469059], BROADCAST
[02.08 15:22:09] AUDIT, Player 가츠 has invalid skill 마이트 (1068/1), class:엘븐 나이트, Player:가츠[268469059], BROADCAST
[02.08 15:22:09] AUDIT, Player 가츠 has invalid skill 슬리프 (1069/51), class:엘븐 나이트, Player:가츠[268469059], BROADCAST
[02.08 15:22:09] AUDIT, Player 가츠 has invalid skill 슬리핑 클라우드 (1072/6), class:엘븐 나이트, Player:가츠[268469059], BROADCAST
[02.08 15:22:09] AUDIT, Player 가츠 has invalid skill 콘센트레이션 (1078/2), class:엘븐 나이트, Player:가츠[268469059], BROADCAST
[02.08 15:22:09] AUDIT, Player 가츠 has invalid skill 서비터 리차지 (1126/6), class:엘븐 나이트, Player:가츠[268469059], BROADCAST
[02.08 15:22:09] AUDIT, Player 가츠 has invalid skill 서비터 힐 (1127/12), class:엘븐 나이트, Player:가츠[268469059], BROADCAST
[02.08 15:22:09] AUDIT, Player 가츠 has invalid skill 브라이트 서비터 (1145/1), class:엘븐 나이트, Player:가츠[268469059], BROADCAST
[02.08 15:22:09] AUDIT, Player 가츠 has invalid skill 바디 투 마인드 (1157/10), class:엘븐 나이트, Player:가츠[268469059], BROADCAST
[02.08 15:22:09] AUDIT, Player 가츠 has invalid skill 커스 위크니스 (1164/26), class:엘븐 나이트, Player:가츠[268469059], BROADCAST
[02.08 15:22:09] AUDIT, Player 가츠 has invalid skill 오라 번 (1172/8), class:엘븐 나이트, Player:가츠[268469059], BROADCAST
[02.08 15:22:09] AUDIT, Player 가츠 has invalid skill 프로스트 월 (1174/31), class:엘븐 나이트, Player:가츠[268469059], BROADCAST
[02.08 15:22:09] AUDIT, Player 가츠 has invalid skill 아쿠아 스월 (1175/8), class:엘븐 나이트, Player:가츠[268469059], BROADCAST
[02.08 15:22:09] AUDIT, Player 가츠 has invalid skill 윈드 스트라이크 (1177/5), class:엘븐 나이트, Player:가츠[268469059], BROADCAST
[02.08 15:22:09] AUDIT, Player 가츠 has invalid skill 플레임 스트라이크 (1181/3), class:엘븐 나이트, Player:가츠[268469059], BROADCAST
[02.08 15:22:09] AUDIT, Player 가츠 has invalid skill 프리징 셰클 (1183/4), class:엘븐 나이트, Player:가츠[268469059], BROADCAST
[02.08 15:22:09] AUDIT, Player 가츠 has invalid skill 아이스 볼트 (1184/6), class:엘븐 나이트, Player:가츠[268469059], BROADCAST
[02.08 15:22:09] AUDIT, Player 가츠 has invalid skill 윈드 셰클 (1206/1), class:엘븐 나이트, Player:가츠[268469059], BROADCAST
[02.08 15:22:09] AUDIT, Player 가츠 has invalid skill 셀프 힐 (1216/1), class:엘븐 나이트, Player:가츠[268469059], BROADCAST
[02.08 15:22:09] AUDIT, Player 가츠 has invalid skill 서먼 유니콘 박서 (1226/4), class:엘븐 나이트, Player:가츠[268469059], BROADCAST
[02.08 15:22:09] AUDIT, Player 가츠 has invalid skill 서먼 유니콘 미라쥬 (1227/4), class:엘븐 나이트, Player:가츠[268469059], BROADCAST
[02.08 15:22:09] AUDIT, Player 가츠 has invalid skill 오라 플레어 (1231/31), class:엘븐 나이트, Player:가츠[268469059], BROADCAST
[02.08 15:22:09] AUDIT, Player 가츠 has invalid skill 하이드로 블래스트 (1235/36), class:엘븐 나이트, Player:가츠[268469059], BROADCAST
[02.08 15:22:09] AUDIT, Player 가츠 has invalid skill 프로스트 볼트 (1236/21), class:엘븐 나이트, Player:가츠[268469059], BROADCAST
[02.08 15:22:09] AUDIT, Player 가츠 has invalid skill 아이스 대거 (1237/19), class:엘븐 나이트, Player:가츠[268469059], BROADCAST
[02.08 15:22:09] AUDIT, Player 가츠 has invalid skill 프리징 스킨 (1238/3), class:엘븐 나이트, Player:가츠[268469059], BROADCAST
[02.08 15:22:09] AUDIT, Player 가츠 has invalid skill 솔라 스파크 (1264/3), class:엘븐 나이트, Player:가츠[268469059], BROADCAST
[02.08 15:22:09] AUDIT, Player 가츠 has invalid skill 솔라 플레어 (1265/14), class:엘븐 나이트, Player:가츠[268469059], BROADCAST
[02.08 15:22:09] AUDIT, Player 가츠 has invalid skill 에너지 볼트 (1274/4), class:엘븐 나이트, Player:가츠[268469059], BROADCAST
[02.08 15:22:09] AUDIT, Player 가츠 has invalid skill 오라 볼트 (1275/14), class:엘븐 나이트, Player:가츠[268469059], BROADCAST
[02.08 15:22:09] AUDIT, Player 가츠 has invalid skill 오라 심포니 (1288/1), class:엘븐 나이트, Player:가츠[268469059], BROADCAST
[02.08 15:22:09] AUDIT, Player 가츠 has invalid skill 블리자드 (1290/6), class:엘븐 나이트, Player:가츠[268469059], BROADCAST
[02.08 15:22:09] AUDIT, Player 가츠 has invalid skill 엘레멘탈 심포니 (1293/1), class:엘븐 나이트, Player:가츠[268469059], BROADCAST
[02.08 15:22:09] AUDIT, Player 가츠 has invalid skill 아쿠아 스플래시 (1295/17), class:엘븐 나이트, Player:가츠[268469059], BROADCAST
[02.08 15:22:09] AUDIT, Player 가츠 has invalid skill 클리어 마인드 (1297/6), class:엘븐 나이트, Player:가츠[268469059], BROADCAST
[02.08 15:22:09] AUDIT, Player 가츠 has invalid skill 아케인 카오스 (1338/1), class:엘븐 나이트, Player:가츠[268469059], BROADCAST
[02.08 15:22:09] AUDIT, Player 가츠 has invalid skill 아이스 보텍스 (1340/3), class:엘븐 나이트, Player:가츠[268469059], BROADCAST
[02.08 15:22:09] AUDIT, Player 가츠 has invalid skill 인크리스 오브 디비니티 (1405/4), class:엘븐 나이트, Player:가츠[268469059], BROADCAST
[02.08 15:22:09] AUDIT, Player 가츠 has invalid skill 오라 플래쉬 (1417/5), class:엘븐 나이트, Player:가츠[268469059], BROADCAST
[02.08 15:22:09] AUDIT, Player 가츠 has invalid skill 아이스 보텍스 크러셔 (1453/2), class:엘븐 나이트, Player:가츠[268469059], BROADCAST
[02.08 15:22:09] AUDIT, Player 가츠 has invalid skill 프로스트 아머 (1493/1), class:엘븐 나이트, Player:가츠[268469059], BROADCAST
[02.08 15:22:09] AUDIT, Player 가츠 has invalid skill 아케인 실드 (1556/5), class:엘븐 나이트, Player:가츠[268469059], BROADCAST
[02.08 15:22:09] AUDIT, Player 가츠 has invalid skill 스펠 마스터 (1830/1), class:엘븐 나이트, Player:가츠[268469059], BROADCAST
[02.08 15:22:09] AUDIT, Player 가츠 has invalid skill 라이딩 페가수스 (1834/1), class:엘븐 나이트, Player:가츠[268469059], BROADCAST
[02.08 15:22:10] AUDIT, Player 가츠 has invalid skill 바인드 (53006/5), class:엘븐 나이트, Player:가츠[268469059], BROADCAST
[02.13 05:07:06] AUDIT, Player 가츠 has invalid skill 자유 텔레포트 (2588/1), class:소드싱어, Player:가츠[268469059], BROADCAST
[02.14 14:11:57] AUDIT, Player 가츠 has invalid skill 트리플 슬래시 (1/45), class:미스틱 뮤즈, Player:가츠[268469059], BROADCAST
[02.14 15:46:00] AUDIT, Player 가츠 has invalid skill null (30273/1), class:미스틱 뮤즈, Player:가츠[268469059], BROADCAST
[02.14 16:00:28] AUDIT, Player 가츠 has invalid skill null (30273/1), class:미스틱 뮤즈, Player:가츠[268469059], BROADCAST
[02.14 16:03:18] AUDIT, Player 가츠 has invalid skill null (30273/1), class:미스틱 뮤즈, Player:가츠[268469059], BROADCAST
[02.14 16:55:41] AUDIT, Player 가츠 has invalid skill 꽃 비가 내리는 아름다운 밤 (30273/1), class:미스틱 뮤즈, Player:가츠[268469059], BROADCAST
[02.16 16:04:28] AUDIT, Player 가츠 has invalid skill 아가시온 봉인 해제 - 그노시안 (21159/1), class:미스틱 뮤즈, Player:가츠[268469059], BROADCAST
[02.16 16:04:28] AUDIT, Player 가츠 has invalid skill 베스페르의 괴력 (22159/1), class:미스틱 뮤즈, Player:가츠[268469059], BROADCAST
[02.16 16:12:32] AUDIT, Player 가츠 has invalid skill 거짓의 눈물 (6139/1), class:미스틱 뮤즈, Player:가츠[268469059], BROADCAST
[02.16 16:12:32] AUDIT, Player 가츠 has invalid skill 치즈케이크 허브 (22031/1), class:미스틱 뮤즈, Player:가츠[268469059], BROADCAST
[02.16 22:23:50] AUDIT, Player 가츠 has invalid skill 베스페르 변신 (14980/1), class:미스틱 뮤즈, Player:가츠[268469059], BROADCAST
[02.19 11:32:59] AUDIT, Player 가츠 has invalid skill 푸스 더 캣의 축복 (18794/1), class:미스틱 뮤즈, Player:가츠[268469059], BROADCAST
[02.19 11:41:42] AUDIT, Player 가츠 has invalid skill 꽃 비가 내리는 아름다운 밤 (30273/1), class:미스틱 뮤즈, Player:가츠[268469059], BROADCAST
[02.19 11:47:58] AUDIT, Player 가츠 has invalid skill 푸스 더 캣의 축복 (18794/1), class:미스틱 뮤즈, Player:가츠[268469059], BROADCAST
[02.19 12:20:51] AUDIT, Player 가츠 has invalid skill 꽃 비가 내리는 아름다운 밤 (30274/1), class:미스틱 뮤즈, Player:가츠[268469059], BROADCAST
[02.19 12:43:07] AUDIT, Player 가츠 has invalid skill 꽃 비가 내리는 아름다운 밤 (30273/1), class:미스틱 뮤즈, Player:가츠[268469059], BROADCAST
[02.19 12:59:29] AUDIT, Player 가츠 has invalid skill 꽃 비가 내리는 아름다운 밤 (30273/1), class:미스틱 뮤즈, Player:가츠[268469059], BROADCAST
[02.19 13:50:04] AUDIT, Player 가츠 has invalid skill 꽃 비가 내리는 아름다운 밤 (30273/1), class:미스틱 뮤즈, Player:가츠[268469059], BROADCAST
[03.30 00:26:44] AUDIT, Player 가츠 has invalid skill 컨퓨전 (2/19), class:실버 레인져, Player:가츠[268469059], BROADCAST
[03.30 00:26:44] AUDIT, Player 가츠 has invalid skill 헤이트 오라 (18/45), class:실버 레인져, Player:가츠[268469059], BROADCAST
[03.30 00:26:44] AUDIT, Player 가츠 has invalid skill 서먼 뱀피릭 큐빅 (22/13), class:실버 레인져, Player:가츠[268469059], BROADCAST
[03.30 00:26:44] AUDIT, Player 가츠 has invalid skill 헤이트 (28/57), class:실버 레인져, Player:가츠[268469059], BROADCAST
[03.30 00:26:44] AUDIT, Player 가츠 has invalid skill 서먼 폴터가이스트 큐빅 (33/13), class:실버 레인져, Player:가츠[268469059], BROADCAST
[03.30 00:26:44] AUDIT, Player 가츠 has invalid skill 드레인 에너지 (70/56), class:실버 레인져, Player:가츠[268469059], BROADCAST
[03.30 00:26:44] AUDIT, Player 가츠 has invalid skill 콥스 플레이그 (103/5), class:실버 레인져, Player:가츠[268469059], BROADCAST
[03.30 00:26:44] AUDIT, Player 가츠 has invalid skill 프리징 스트라이크 (105/26), class:실버 레인져, Player:가츠[268469059], BROADCAST
[03.30 00:26:44] AUDIT, Player 가츠 has invalid skill 얼터미트 디펜스 (110/2), class:실버 레인져, Player:가츠[268469059], BROADCAST
[03.30 00:26:44] AUDIT, Player 가츠 has invalid skill 디플렉트 애로우 (112/4), class:실버 레인져, Player:가츠[268469059], BROADCAST
[03.30 00:26:44] AUDIT, Player 가츠 has invalid skill 파워 브레이크 (115/19), class:실버 레인져, Player:가츠[268469059], BROADCAST
[03.30 00:26:44] AUDIT, Player 가츠 has invalid skill 헥스 (122/17), class:실버 레인져, Player:가츠[268469059], BROADCAST
[03.30 00:26:44] AUDIT, Player 가츠 has invalid skill 포이즌 (129/5), class:실버 레인져, Player:가츠[268469059], BROADCAST
[03.30 00:26:44] AUDIT, Player 가츠 has invalid skill 큐빅 마스터리 (143/2), class:실버 레인져, Player:가츠[268469059], BROADCAST
[03.30 00:26:44] AUDIT, Player 가츠 has invalid skill 매직 레지스턴스 (147/59), class:실버 레인져, Player:가츠[268469059], BROADCAST
[03.30 00:26:44] AUDIT, Player 가츠 has invalid skill 실드 마스터리 (153/4), class:실버 레인져, Player:가츠[268469059], BROADCAST
[03.30 00:26:44] AUDIT, Player 가츠 has invalid skill 포커스 마인드 (191/6), class:실버 레인져, Player:가츠[268469059], BROADCAST
[03.30 00:26:44] AUDIT, Player 가츠 has invalid skill 소드/블런트 마스터리 (217/53), class:실버 레인져, Player:가츠[268469059], BROADCAST
[03.30 00:26:44] AUDIT, Player 가츠 has invalid skill 스팅 (223/52), class:실버 레인져, Player:가츠[268469059], BROADCAST
[03.30 00:26:44] AUDIT, Player 가츠 has invalid skill 헤비 아머 마스터리 (232/60), class:실버 레인져, Player:가츠[268469059], BROADCAST
[03.30 00:26:44] AUDIT, Player 가츠 has invalid skill 서먼 바이퍼 큐빅 (278/12), class:실버 레인져, Player:가츠[268469059], BROADCAST
[03.30 00:26:44] AUDIT, Player 가츠 has invalid skill 라이트닝 스트라이크 (279/9), class:실버 레인져, Player:가츠[268469059], BROADCAST
[03.30 00:26:44] AUDIT, Player 가츠 has invalid skill 라이프 리치 (289/17), class:실버 레인져, Player:가츠[268469059], BROADCAST
[03.30 00:26:44] AUDIT, Player 가츠 has invalid skill 파이널 포트리스 (291/20), class:실버 레인져, Player:가츠[268469059], BROADCAST
[03.30 00:26:44] AUDIT, Player 가츠 has invalid skill 섀도우 센스 (294/1), class:실버 레인져, Player:가츠[268469059], BROADCAST
[03.30 00:26:44] AUDIT, Player 가츠 has invalid skill 이지스 (316/1), class:실버 레인져, Player:가츠[268469059], BROADCAST
[03.30 00:26:44] AUDIT, Player 가츠 has invalid skill 실드 포트리스 (322/6), class:실버 레인져, Player:가츠[268469059], BROADCAST
[03.30 00:26:44] AUDIT, Player 가츠 has invalid skill 포티튜드 (335/1), class:실버 레인져, Player:가츠[268469059], BROADCAST
[03.30 00:26:44] AUDIT, Player 가츠 has invalid skill 터치 오브 데스 (342/1), class:실버 레인져, Player:가츠[268469059], BROADCAST
[03.30 00:26:44] AUDIT, Player 가츠 has invalid skill 벤젼스 (368/1), class:실버 레인져, Player:가츠[268469059], BROADCAST
[03.30 00:26:44] AUDIT, Player 가츠 has invalid skill 저지먼트 (401/20), class:실버 레인져, Player:가츠[268469059], BROADCAST
[03.30 00:26:44] AUDIT, Player 가츠 has invalid skill 나이트후드 (429/7), class:실버 레인져, Player:가츠[268469059], BROADCAST
[03.30 00:26:44] AUDIT, Player 가츠 has invalid skill 실드 오브 페이스 (528/1), class:실버 레인져, Player:가츠[268469059], BROADCAST
[03.30 00:26:44] AUDIT, Player 가츠 has invalid skill 파이터스 윌 (758/1), class:실버 레인져, Player:가츠[268469059], BROADCAST
[03.30 00:26:44] AUDIT, Player 가츠 has invalid skill 아처스 윌 (759/1), class:실버 레인져, Player:가츠[268469059], BROADCAST
[03.30 00:26:44] AUDIT, Player 가츠 has invalid skill 페인 오브 실렌 (788/1), class:실버 레인져, Player:가츠[268469059], BROADCAST
[03.30 00:26:44] AUDIT, Player 가츠 has invalid skill 스피릿 오브 실렌 (789/1), class:실버 레인져, Player:가츠[268469059], BROADCAST
[03.30 00:26:44] AUDIT, Player 가츠 has invalid skill 뱅가드 (813/1), class:실버 레인져, Player:가츠[268469059], BROADCAST
[03.30 00:26:44] AUDIT, Player 가츠 has invalid skill 디플렉트 매직 (913/1), class:실버 레인져, Player:가츠[268469059], BROADCAST
[03.30 00:26:44] AUDIT, Player 가츠 has invalid skill 실드 리플렉트 매직 (916/4), class:실버 레인져, Player:가츠[268469059], BROADCAST
[03.30 00:26:44] AUDIT, Player 가츠 has invalid skill 인크리스 오브 디비니티 (1405/4), class:실버 레인져, Player:가츠[268469059], BROADCAST
[03.30 00:26:44] AUDIT, Player 가츠 has invalid skill 라이딩 세이버투스 쿠거 (1835/1), class:실버 레인져, Player:가츠[268469059], BROADCAST
[03.30 00:26:44] AUDIT, Player 가츠 has invalid skill 체인 스트라이크 (10015/3), class:실버 레인져, Player:가츠[268469059], BROADCAST
[03.30 00:26:44] AUDIT, Player 가츠 has invalid skill 매스 라이트닝 스트라이크 (10094/5), class:실버 레인져, Player:가츠[268469059], BROADCAST
[03.30 00:26:44] AUDIT, Player 가츠 has invalid skill 매스 체인 스트라이크 (53003/3), class:실버 레인져, Player:가츠[268469059], BROADCAST
[03.30 00:26:44] AUDIT, Player 가츠 has invalid skill 리듀스 크라이시스 (53004/5), class:실버 레인져, Player:가츠[268469059], BROADCAST
[04.04 11:41:37] AUDIT, Player 테스트 has invalid skill 사망 후유증 (5076/1), class:엘븐 파이터, Player:테스트[268467485], BROADCAST
[04.04 18:32:57] AUDIT, Player 테스트 has invalid skill 사망 후유증 (5076/1), class:엘븐 파이터, Player:테스트[268467485], BROADCAST
[04.04 18:41:47] AUDIT, Player 테스트 has invalid skill 사망 후유증 (5076/1), class:엘븐 파이터, Player:테스트[268467485], BROADCAST
[04.05 07:40:15] AUDIT, Player 가츠 has invalid skill 매지션즈 무브먼트 (118/1), class:윈드 라이더, Player:가츠[268469059], BROADCAST
[04.05 07:40:15] AUDIT, Player 가츠 has invalid skill 안티 매직 (146/46), class:윈드 라이더, Player:가츠[268469059], BROADCAST
[04.05 07:40:15] AUDIT, Player 가츠 has invalid skill 스펠 크래프트 (163/1), class:윈드 라이더, Player:가츠[268469059], BROADCAST
[04.05 07:40:15] AUDIT, Player 가츠 has invalid skill 퀵 리커버리 (164/3), class:윈드 라이더, Player:가츠[268469059], BROADCAST
[04.05 07:40:15] AUDIT, Player 가츠 has invalid skill 패스트 HP 리커버리 (212/6), class:윈드 라이더, Player:가츠[268469059], BROADCAST
[04.05 07:40:15] AUDIT, Player 가츠 has invalid skill 부스트 마나 (213/8), class:윈드 라이더, Player:가츠[268469059], BROADCAST
[04.05 07:40:15] AUDIT, Player 가츠 has invalid skill 마나 리커버리 (214/1), class:윈드 라이더, Player:가츠[268469059], BROADCAST
[04.05 07:40:15] AUDIT, Player 가츠 has invalid skill 패스트 스펠 캐스팅 (228/3), class:윈드 라이더, Player:가츠[268469059], BROADCAST
[04.05 07:40:15] AUDIT, Player 가츠 has invalid skill 패스트 마나 리커버리 (229/7), class:윈드 라이더, Player:가츠[268469059], BROADCAST
[04.05 07:40:15] AUDIT, Player 가츠 has invalid skill 로브 마스터리 (234/42), class:윈드 라이더, Player:가츠[268469059], BROADCAST
[04.05 07:40:15] AUDIT, Player 가츠 has invalid skill 아머 마스터리 (244/3), class:윈드 라이더, Player:가츠[268469059], BROADCAST
[04.05 07:40:15] AUDIT, Player 가츠 has invalid skill 웨폰 마스터리 (249/43), class:윈드 라이더, Player:가츠[268469059], BROADCAST
[04.05 07:40:15] AUDIT, Player 가츠 has invalid skill 하이어 마나 게인 (285/28), class:윈드 라이더, Player:가츠[268469059], BROADCAST
[04.05 07:40:15] AUDIT, Player 가츠 has invalid skill 힐 (1011/6), class:윈드 라이더, Player:가츠[268469059], BROADCAST
[04.05 07:40:15] AUDIT, Player 가츠 has invalid skill 큐어 포이즌 (1012/1), class:윈드 라이더, Player:가츠[268469059], BROADCAST
[04.05 07:40:15] AUDIT, Player 가츠 has invalid skill 배틀 힐 (1015/3), class:윈드 라이더, Player:가츠[268469059], BROADCAST
[04.05 07:40:15] AUDIT, Player 가츠 has invalid skill 그룹 힐 (1027/3), class:윈드 라이더, Player:가츠[268469059], BROADCAST
[04.05 07:40:15] AUDIT, Player 가츠 has invalid skill 실드 (1040/1), class:윈드 라이더, Player:가츠[268469059], BROADCAST
[04.05 07:40:15] AUDIT, Player 가츠 has invalid skill 마나 리제네레이션 (1047/4), class:윈드 라이더, Player:가츠[268469059], BROADCAST
[04.05 07:40:15] AUDIT, Player 가츠 has invalid skill 사일런스 (1064/15), class:윈드 라이더, Player:가츠[268469059], BROADCAST
[04.05 07:40:15] AUDIT, Player 가츠 has invalid skill 마이트 (1068/1), class:윈드 라이더, Player:가츠[268469059], BROADCAST
[04.05 07:40:15] AUDIT, Player 가츠 has invalid skill 슬리프 (1069/43), class:윈드 라이더, Player:가츠[268469059], BROADCAST
[04.05 07:40:15] AUDIT, Player 가츠 has invalid skill 콘센트레이션 (1078/2), class:윈드 라이더, Player:가츠[268469059], BROADCAST
[04.05 07:40:15] AUDIT, Player 가츠 has invalid skill 서먼 캣 더 캣 (1111/4), class:윈드 라이더, Player:가츠[268469059], BROADCAST
[04.05 07:40:15] AUDIT, Player 가츠 has invalid skill 서비터 리차지 (1126/6), class:윈드 라이더, Player:가츠[268469059], BROADCAST
[04.05 07:40:15] AUDIT, Player 가츠 has invalid skill 서비터 힐 (1127/12), class:윈드 라이더, Player:가츠[268469059], BROADCAST
[04.05 07:40:15] AUDIT, Player 가츠 has invalid skill 서먼 리애니메이티드 맨 (1129/7), class:윈드 라이더, Player:가츠[268469059], BROADCAST
[04.05 07:40:15] AUDIT, Player 가츠 has invalid skill 패스트 서비터 (1144/1), class:윈드 라이더, Player:가츠[268469059], BROADCAST
[04.05 07:40:15] AUDIT, Player 가츠 has invalid skill 뱀피릭 터치 (1147/6), class:윈드 라이더, Player:가츠[268469059], BROADCAST
[04.05 07:40:15] AUDIT, Player 가츠 has invalid skill 데스 스파이크 (1148/14), class:윈드 라이더, Player:가츠[268469059], BROADCAST
[04.05 07:40:15] AUDIT, Player 가츠 has invalid skill 콥스 라이프 드레인 (1151/17), class:윈드 라이더, Player:가츠[268469059], BROADCAST
[04.05 07:40:15] AUDIT, Player 가츠 has invalid skill 서먼 커럽티드 맨 (1154/6), class:윈드 라이더, Player:가츠[268469059], BROADCAST
[04.05 07:40:15] AUDIT, Player 가츠 has invalid skill 콥스 버스트 (1155/16), class:윈드 라이더, Player:가츠[268469059], BROADCAST
[04.05 07:40:15] AUDIT, Player 가츠 has invalid skill 포겟 (1156/13), class:윈드 라이더, Player:가츠[268469059], BROADCAST
[04.05 07:40:15] AUDIT, Player 가츠 has invalid skill 바디 투 마인드 (1157/5), class:윈드 라이더, Player:가츠[268469059], BROADCAST
[04.05 07:40:15] AUDIT, Player 가츠 has invalid skill 커스 데스 링크 (1159/23), class:윈드 라이더, Player:가츠[268469059], BROADCAST
[04.05 07:40:15] AUDIT, Player 가츠 has invalid skill 슬로우 (1160/1), class:윈드 라이더, Player:가츠[268469059], BROADCAST
[04.05 07:40:15] AUDIT, Player 가츠 has invalid skill 커스 디스코드 (1163/14), class:윈드 라이더, Player:가츠[268469059], BROADCAST
[04.05 07:40:15] AUDIT, Player 가츠 has invalid skill 커스 위크니스 (1164/20), class:윈드 라이더, Player:가츠[268469059], BROADCAST
[04.05 07:40:15] AUDIT, Player 가츠 has invalid skill 포이즌 클라우드 (1167/6), class:윈드 라이더, Player:가츠[268469059], BROADCAST
[04.05 07:40:15] AUDIT, Player 가츠 has invalid skill 커스 포이즌 (1168/7), class:윈드 라이더, Player:가츠[268469059], BROADCAST
[04.05 07:40:15] AUDIT, Player 가츠 has invalid skill 커스 피어 (1169/15), class:윈드 라이더, Player:가츠[268469059], BROADCAST
[04.05 07:40:15] AUDIT, Player 가츠 has invalid skill 앵커 (1170/14), class:윈드 라이더, Player:가츠[268469059], BROADCAST
[04.05 07:40:15] AUDIT, Player 가츠 has invalid skill 오라 번 (1172/8), class:윈드 라이더, Player:가츠[268469059], BROADCAST
[04.05 07:40:15] AUDIT, Player 가츠 has invalid skill 윈드 스트라이크 (1177/5), class:윈드 라이더, Player:가츠[268469059], BROADCAST
[04.05 07:40:15] AUDIT, Player 가츠 has invalid skill 플레임 스트라이크 (1181/3), class:윈드 라이더, Player:가츠[268469059], BROADCAST
[04.05 07:40:15] AUDIT, Player 가츠 has invalid skill 아이스 볼트 (1184/6), class:윈드 라이더, Player:가츠[268469059], BROADCAST
[04.05 07:40:15] AUDIT, Player 가츠 has invalid skill 셀프 힐 (1216/1), class:윈드 라이더, Player:가츠[268469059], BROADCAST
[04.05 07:40:15] AUDIT, Player 가츠 has invalid skill 블레이즈 (1220/8), class:윈드 라이더, Player:가츠[268469059], BROADCAST
[04.05 07:40:15] AUDIT, Player 가츠 has invalid skill 커스 카오스 (1222/16), class:윈드 라이더, Player:가츠[268469059], BROADCAST
[04.05 07:40:15] AUDIT, Player 가츠 has invalid skill 서먼 뮤 더 캣 (1225/4), class:윈드 라이더, Player:가츠[268469059], BROADCAST
[04.05 07:40:15] AUDIT, Player 가츠 has invalid skill 뱀피릭 클로 (1234/29), class:윈드 라이더, Player:가츠[268469059], BROADCAST
[04.05 07:40:15] AUDIT, Player 가츠 has invalid skill 트랜스퍼 페인 (1262/5), class:윈드 라이더, Player:가츠[268469059], BROADCAST
[04.05 07:40:15] AUDIT, Player 가츠 has invalid skill 커스 글룸 (1263/14), class:윈드 라이더, Player:가츠[268469059], BROADCAST
[04.05 07:40:15] AUDIT, Player 가츠 has invalid skill 커스 디지즈 (1269/10), class:윈드 라이더, Player:가츠[268469059], BROADCAST
[04.05 07:40:15] AUDIT, Player 가츠 has invalid skill 에너지 볼트 (1274/4), class:윈드 라이더, Player:가츠[268469059], BROADCAST
[04.05 07:40:15] AUDIT, Player 가츠 has invalid skill 매스 슬로우 (1298/15), class:윈드 라이더, Player:가츠[268469059], BROADCAST
[04.05 07:40:15] AUDIT, Player 가츠 has invalid skill 다크 보텍스 (1343/1), class:윈드 라이더, Player:가츠[268469059], BROADCAST
[04.05 07:40:15] AUDIT, Player 가츠 has invalid skill 매스 커스 글룸 (1382/5), class:윈드 라이더, Player:가츠[268469059], BROADCAST
[04.05 07:40:15] AUDIT, Player 가츠 has invalid skill 스펠 마스터 (1829/1), class:윈드 라이더, Player:가츠[268469059], BROADCAST
[04.05 07:40:15] AUDIT, Player 가츠 has invalid skill 라이딩 골든 라이온 (1833/1), class:윈드 라이더, Player:가츠[268469059], BROADCAST
[04.05 07:40:15] AUDIT, Player 가츠 has invalid skill 바인드 (53006/1), class:윈드 라이더, Player:가츠[268469059], BROADCAST
[04.15 19:45:51] AUDIT, Player 가츠 has invalid skill 프린테사의 망토 (30227/1), class:디스트로이어, Player:가츠[268469059], BROADCAST
[04.15 19:45:51] AUDIT, Player 가츠 has invalid skill null (30277/1), class:디스트로이어, Player:가츠[268469059], BROADCAST
[04.15 19:47:44] AUDIT, Player 가츠 has invalid skill null (30277/1), class:디스트로이어, Player:가츠[268469059], BROADCAST
[04.16 18:13:12] AUDIT, Player 가츠 has invalid skill 사망 후유증 (5076/1), class:디스트로이어, Player:가츠[268469059], BROADCAST
[04.17 12:02:50] AUDIT, Player 가츠 has invalid skill 사망 후유증 (5076/1), class:디스트로이어, Player:가츠[268469059], BROADCAST
[04.17 12:44:11] AUDIT, Player 가츠 has invalid skill 사망 후유증 (5076/2), class:디스트로이어, Player:가츠[268469059], BROADCAST
[04.17 12:59:31] AUDIT, Player 가츠 has invalid skill 사망 후유증 (5076/5), class:디스트로이어, Player:가츠[268469059], BROADCAST
[04.21 15:44:42] AUDIT, Player 가츠 has invalid skill 사망 후유증 (5076/4), class:디스트로이어, Player:가츠[268469059], BROADCAST
[04.22 00:31:45] AUDIT, Player 가츠 has invalid skill 사망 후유증 (5076/4), class:디스트로이어, Player:가츠[268469059], BROADCAST
[04.22 00:33:20] AUDIT, Player 가츠 has invalid skill 사망 후유증 (5076/4), class:디스트로이어, Player:가츠[268469059], BROADCAST
[04.22 00:49:02] AUDIT, Player 가츠 has invalid skill 사망 후유증 (5076/4), class:디스트로이어, Player:가츠[268469059], BROADCAST
[04.22 01:10:06] AUDIT, Player 가츠 has invalid skill 사망 후유증 (5076/4), class:디스트로이어, Player:가츠[268469059], BROADCAST
[04.22 02:09:21] AUDIT, Player 가츠 has invalid skill 사망 후유증 (5076/4), class:디스트로이어, Player:가츠[268469059], BROADCAST
[04.22 02:11:18] AUDIT, Player 가츠 has invalid skill 사망 후유증 (5076/4), class:디스트로이어, Player:가츠[268469059], BROADCAST
[04.22 02:13:12] AUDIT, Player 가츠 has invalid skill 사망 후유증 (5076/4), class:디스트로이어, Player:가츠[268469059], BROADCAST
[04.22 02:41:38] AUDIT, Player 가츠 has invalid skill 사망 후유증 (5076/4), class:디스트로이어, Player:가츠[268469059], BROADCAST
[04.22 02:43:52] AUDIT, Player 가츠 has invalid skill 사망 후유증 (5076/4), class:디스트로이어, Player:가츠[268469059], BROADCAST
[04.22 02:46:31] AUDIT, Player 가츠 has invalid skill 사망 후유증 (5076/4), class:디스트로이어, Player:가츠[268469059], BROADCAST
[04.22 02:48:35] AUDIT, Player 가츠 has invalid skill 사망 후유증 (5076/4), class:디스트로이어, Player:가츠[268469059], BROADCAST
[04.22 02:53:51] AUDIT, Player 가츠 has invalid skill 사망 후유증 (5076/4), class:디스트로이어, Player:가츠[268469059], BROADCAST
[04.22 03:00:28] AUDIT, Player 가츠 has invalid skill 사망 후유증 (5076/4), class:디스트로이어, Player:가츠[268469059], BROADCAST
[04.22 03:19:51] AUDIT, Player 가츠 has invalid skill 사망 후유증 (5076/4), class:디스트로이어, Player:가츠[268469059], BROADCAST
[04.22 03:25:32] AUDIT, Player 가츠 has invalid skill 사망 후유증 (5076/4), class:디스트로이어, Player:가츠[268469059], BROADCAST
[04.22 03:29:50] AUDIT, Player 가츠 has invalid skill 사망 후유증 (5076/4), class:디스트로이어, Player:가츠[268469059], BROADCAST
[04.22 03:40:40] AUDIT, Player 가츠 has invalid skill 사망 후유증 (5076/4), class:디스트로이어, Player:가츠[268469059], BROADCAST
[04.22 03:44:47] AUDIT, Player 가츠 has invalid skill 사망 후유증 (5076/4), class:디스트로이어, Player:가츠[268469059], BROADCAST
[04.22 04:02:21] AUDIT, Player 가츠 has invalid skill 사망 후유증 (5076/4), class:디스트로이어, Player:가츠[268469059], BROADCAST
[04.22 04:11:49] AUDIT, Player 가츠 has invalid skill 사망 후유증 (5076/4), class:디스트로이어, Player:가츠[268469059], BROADCAST
[04.22 04:19:36] AUDIT, Player 가츠 has invalid skill 사망 후유증 (5076/4), class:디스트로이어, Player:가츠[268469059], BROADCAST
[04.22 04:21:18] AUDIT, Player 가츠 has invalid skill 사망 후유증 (5076/4), class:디스트로이어, Player:가츠[268469059], BROADCAST
[04.22 04:22:11] AUDIT, Player 가츠 has invalid skill 사망 후유증 (5076/4), class:디스트로이어, Player:가츠[268469059], BROADCAST
[04.22 04:23:27] AUDIT, Player 가츠 has invalid skill 사망 후유증 (5076/4), class:디스트로이어, Player:가츠[268469059], BROADCAST
[04.22 04:26:02] AUDIT, Player 가츠 has invalid skill 사망 후유증 (5076/4), class:디스트로이어, Player:가츠[268469059], BROADCAST
[04.22 04:30:27] AUDIT, Player 가츠 has invalid skill 사망 후유증 (5076/5), class:디스트로이어, Player:가츠[268469059], BROADCAST
[04.22 04:31:24] AUDIT, Player 가츠 has invalid skill 사망 후유증 (5076/4), class:디스트로이어, Player:가츠[268469059], BROADCAST
[04.22 04:32:23] AUDIT, Player 가츠 has invalid skill 사망 후유증 (5076/4), class:디스트로이어, Player:가츠[268469059], BROADCAST
[04.22 04:33:22] AUDIT, Player 가츠 has invalid skill 사망 후유증 (5076/4), class:디스트로이어, Player:가츠[268469059], BROADCAST
[04.22 04:34:46] AUDIT, Player 가츠 has invalid skill 사망 후유증 (5076/4), class:디스트로이어, Player:가츠[268469059], BROADCAST
[04.22 04:40:53] AUDIT, Player 가츠 has invalid skill 사망 후유증 (5076/4), class:디스트로이어, Player:가츠[268469059], BROADCAST
[04.22 04:52:26] AUDIT, Player 가츠 has invalid skill 사망 후유증 (5076/4), class:디스트로이어, Player:가츠[268469059], BROADCAST
[04.22 04:55:12] AUDIT, Player 가츠 has invalid skill 사망 후유증 (5076/4), class:디스트로이어, Player:가츠[268469059], BROADCAST
[04.22 04:58:35] AUDIT, Player 가츠 has invalid skill 사망 후유증 (5076/6), class:디스트로이어, Player:가츠[268469059], BROADCAST
[04.22 18:01:12] AUDIT, Player 가츠 has invalid skill 사망 후유증 (5076/3), class:디스트로이어, Player:가츠[268469059], BROADCAST
[04.22 18:03:53] AUDIT, Player 가츠 has invalid skill 사망 후유증 (5076/4), class:디스트로이어, Player:가츠[268469059], BROADCAST
[04.24 13:43:20] AUDIT, Player 가츠 has invalid skill 사망 후유증 (5076/4), class:디스트로이어, Player:가츠[268469059], BROADCAST
[04.25 23:52:10] AUDIT, Player 가츠 has invalid skill 사망 후유증 (5076/3), class:디스트로이어, Player:가츠[268469059], BROADCAST
[04.26 08:34:33] AUDIT, Player 가츠 has invalid skill 사망 후유증 (5076/1), class:타이탄, Player:가츠[268469059], BROADCAST
[04.28 08:39:34] AUDIT, Player 가츠 has invalid skill 파워 스트라이크 (3/9), class:도미네이터, Player:가츠[268469059], BROADCAST
[04.28 08:39:34] AUDIT, Player 가츠 has invalid skill 모탈 블로우 (16/9), class:도미네이터, Player:가츠[268469059], BROADCAST
[04.28 08:39:34] AUDIT, Player 가츠 has invalid skill 헤이트 오라 (18/3), class:도미네이터, Player:가츠[268469059], BROADCAST
[04.28 08:39:34] AUDIT, Player 가츠 has invalid skill 헤이트 (28/15), class:도미네이터, Player:가츠[268469059], BROADCAST
[04.28 08:39:34] AUDIT, Player 가츠 has invalid skill 디바인 힐 (45/9), class:도미네이터, Player:가츠[268469059], BROADCAST
[04.28 08:39:34] AUDIT, Player 가츠 has invalid skill 라이프 스케빈지 (46/1), class:도미네이터, Player:가츠[268469059], BROADCAST
[04.28 08:39:34] AUDIT, Player 가츠 has invalid skill 파워 샷 (56/9), class:도미네이터, Player:가츠[268469059], BROADCAST
[04.28 08:39:34] AUDIT, Player 가츠 has invalid skill 드레인 에너지 (70/19), class:도미네이터, Player:가츠[268469059], BROADCAST
[04.28 08:39:34] AUDIT, Player 가츠 has invalid skill 마제스티 (82/2), class:도미네이터, Player:가츠[268469059], BROADCAST
[04.28 08:39:34] AUDIT, Player 가츠 has invalid skill 리플렉트 대미지 (86/1), class:도미네이터, Player:가츠[268469059], BROADCAST
[04.28 08:39:34] AUDIT, Player 가츠 has invalid skill 실드 스턴 (92/18), class:도미네이터, Player:가츠[268469059], BROADCAST
[04.28 08:39:34] AUDIT, Player 가츠 has invalid skill 얼터미트 디펜스 (110/1), class:도미네이터, Player:가츠[268469059], BROADCAST
[04.28 08:39:34] AUDIT, Player 가츠 has invalid skill 디플렉트 애로우 (112/2), class:도미네이터, Player:가츠[268469059], BROADCAST
[04.28 08:39:34] AUDIT, Player 가츠 has invalid skill 웨폰 마스터리 (141/3), class:도미네이터, Player:가츠[268469059], BROADCAST
[04.28 08:39:34] AUDIT, Player 가츠 has invalid skill 아머 마스터리 (142/5), class:도미네이터, Player:가츠[268469059], BROADCAST
[04.28 08:39:34] AUDIT, Player 가츠 has invalid skill 매직 레지스턴스 (147/17), class:도미네이터, Player:가츠[268469059], BROADCAST
[04.28 08:39:34] AUDIT, Player 가츠 has invalid skill 실드 마스터리 (153/3), class:도미네이터, Player:가츠[268469059], BROADCAST
[04.28 08:39:34] AUDIT, Player 가츠 has invalid skill 포커스 마인드 (191/1), class:도미네이터, Player:가츠[268469059], BROADCAST
[04.28 08:39:34] AUDIT, Player 가츠 has invalid skill 소드/블런트 마스터리 (217/11), class:도미네이터, Player:가츠[268469059], BROADCAST
[04.28 08:39:34] AUDIT, Player 가츠 has invalid skill 릴렉스 (226/1), class:도미네이터, Player:가츠[268469059], BROADCAST
[04.28 08:39:34] AUDIT, Player 가츠 has invalid skill 헤비 아머 마스터리 (232/18), class:도미네이터, Player:가츠[268469059], BROADCAST
[04.28 08:39:34] AUDIT, Player 가츠 has invalid skill 서먼 다크 팬서 (283/1), class:도미네이터, Player:가츠[268469059], BROADCAST
[04.28 08:39:34] AUDIT, Player 가츠 has invalid skill 뱅가드 (811/1), class:도미네이터, Player:가츠[268469059], BROADCAST
[04.28 08:39:34] AUDIT, Player 가츠 has invalid skill 실드 스트라이크 (984/1), class:도미네이터, Player:가츠[268469059], BROADCAST
[04.28 09:07:44] AUDIT, Player 가츠 has invalid skill 스턴 어택 (100/12), class:미스틱 뮤즈, Player:가츠[268469059], BROADCAST
[04.28 09:07:44] AUDIT, Player 가츠 has invalid skill 터프니스 (134/1), class:미스틱 뮤즈, Player:가츠[268469059], BROADCAST
[04.28 09:07:44] AUDIT, Player 가츠 has invalid skill 부스트 HP (211/7), class:미스틱 뮤즈, Player:가츠[268469059], BROADCAST
[04.28 09:07:44] AUDIT, Player 가츠 has invalid skill 웨폰 마스터리 (250/47), class:미스틱 뮤즈, Player:가츠[268469059], BROADCAST
[04.28 09:07:44] AUDIT, Player 가츠 has invalid skill 로브 마스터리 (251/50), class:미스틱 뮤즈, Player:가츠[268469059], BROADCAST
[04.28 09:07:44] AUDIT, Player 가츠 has invalid skill 라이트 아머 마스터리 (252/50), class:미스틱 뮤즈, Player:가츠[268469059], BROADCAST
[04.28 09:07:44] AUDIT, Player 가츠 has invalid skill 헤비 아머 마스터리 (253/48), class:미스틱 뮤즈, Player:가츠[268469059], BROADCAST
[04.28 09:07:44] AUDIT, Player 가츠 has invalid skill 해머 크러쉬 (260/40), class:미스틱 뮤즈, Player:가츠[268469059], BROADCAST
[04.28 09:07:44] AUDIT, Player 가츠 has invalid skill 소울 크라이 (1001/10), class:미스틱 뮤즈, Player:가츠[268469059], BROADCAST
[04.28 09:07:44] AUDIT, Player 가츠 has invalid skill 챈트 오브 플레임 (1002/1), class:미스틱 뮤즈, Player:가츠[268469059], BROADCAST
[04.28 09:07:44] AUDIT, Player 가츠 has invalid skill 파워 오브 파아그리오 (1003/3), class:미스틱 뮤즈, Player:가츠[268469059], BROADCAST
[04.28 09:07:44] AUDIT, Player 가츠 has invalid skill 위즈덤 오브 파아그리오 (1004/3), class:미스틱 뮤즈, Player:가츠[268469059], BROADCAST
[04.28 09:07:44] AUDIT, Player 가츠 has invalid skill 블레싱 오브 파아그리오 (1005/3), class:미스틱 뮤즈, Player:가츠[268469059], BROADCAST
[04.28 09:07:44] AUDIT, Player 가츠 has invalid skill 챈트 오브 파이어 (1006/1), class:미스틱 뮤즈, Player:가츠[268469059], BROADCAST
[04.28 09:07:44] AUDIT, Player 가츠 has invalid skill 챈트 오브 배틀 (1007/2), class:미스틱 뮤즈, Player:가츠[268469059], BROADCAST
[04.28 09:07:44] AUDIT, Player 가츠 has invalid skill 글로리 오브 파아그리오 (1008/3), class:미스틱 뮤즈, Player:가츠[268469059], BROADCAST
[04.28 09:07:44] AUDIT, Player 가츠 has invalid skill 챈트 오브 실딩 (1009/2), class:미스틱 뮤즈, Player:가츠[268469059], BROADCAST
[04.28 09:07:44] AUDIT, Player 가츠 has invalid skill 소울 실드 (1010/3), class:미스틱 뮤즈, Player:가츠[268469059], BROADCAST
[04.28 09:07:44] AUDIT, Player 가츠 has invalid skill 라이프 드레인 (1090/6), class:미스틱 뮤즈, Player:가츠[268469059], BROADCAST
[04.28 09:07:44] AUDIT, Player 가츠 has invalid skill 피어 (1092/21), class:미스틱 뮤즈, Player:가츠[268469059], BROADCAST
[04.28 09:07:44] AUDIT, Player 가츠 has invalid skill 베놈 (1095/3), class:미스틱 뮤즈, Player:가츠[268469059], BROADCAST
[04.28 09:07:44] AUDIT, Player 가츠 has invalid skill 실 오브 카오스 (1096/18), class:미스틱 뮤즈, Player:가츠[268469059], BROADCAST
[04.28 09:07:44] AUDIT, Player 가츠 has invalid skill 드리밍 스피릿 (1097/23), class:미스틱 뮤즈, Player:가츠[268469059], BROADCAST
[04.28 09:07:44] AUDIT, Player 가츠 has invalid skill 실 오브 슬로우 (1099/20), class:미스틱 뮤즈, Player:가츠[268469059], BROADCAST
[04.28 09:07:44] AUDIT, Player 가츠 has invalid skill 칠 플레임 (1100/2), class:미스틱 뮤즈, Player:가츠[268469059], BROADCAST
[04.28 09:07:44] AUDIT, Player 가츠 has invalid skill 블레이즈 퀘이크 (1101/2), class:미스틱 뮤즈, Player:가츠[268469059], BROADCAST
[04.28 09:07:44] AUDIT, Player 가츠 has invalid skill 오라 싱크 (1102/2), class:미스틱 뮤즈, Player:가츠[268469059], BROADCAST
[04.28 09:07:44] AUDIT, Player 가츠 has invalid skill 실 오브 윈터 (1104/19), class:미스틱 뮤즈, Player:가츠[268469059], BROADCAST
[04.28 09:07:44] AUDIT, Player 가츠 has invalid skill 매드니스 (1105/18), class:미스틱 뮤즈, Player:가츠[268469059], BROADCAST
[04.28 09:07:44] AUDIT, Player 가츠 has invalid skill 프로스트 플레임 (1107/2), class:미스틱 뮤즈, Player:가츠[268469059], BROADCAST
[04.28 09:07:44] AUDIT, Player 가츠 has invalid skill 실 오브 플레임 (1108/4), class:미스틱 뮤즈, Player:가츠[268469059], BROADCAST
[04.28 09:07:44] AUDIT, Player 가츠 has invalid skill 실 오브 바인딩 (1208/22), class:미스틱 뮤즈, Player:가츠[268469059], BROADCAST
[04.28 09:07:44] AUDIT, Player 가츠 has invalid skill 실 오브 포이즌 (1209/6), class:미스틱 뮤즈, Player:가츠[268469059], BROADCAST
[04.28 09:07:44] AUDIT, Player 가츠 has invalid skill 실 오브 글룸 (1210/4), class:미스틱 뮤즈, Player:가츠[268469059], BROADCAST
[04.28 09:07:44] AUDIT, Player 가츠 has invalid skill 실 오브 미라쥬 (1213/13), class:미스틱 뮤즈, Player:가츠[268469059], BROADCAST
[04.28 09:07:44] AUDIT, Player 가츠 has invalid skill 챈트 오브 라이프 (1229/4), class:미스틱 뮤즈, Player:가츠[268469059], BROADCAST
[04.28 09:07:44] AUDIT, Player 가츠 has invalid skill 스틸 에센스 (1245/17), class:미스틱 뮤즈, Player:가츠[268469059], BROADCAST
[04.28 09:07:44] AUDIT, Player 가츠 has invalid skill 실 오브 사일런스 (1246/17), class:미스틱 뮤즈, Player:가츠[268469059], BROADCAST
[04.28 09:07:44] AUDIT, Player 가츠 has invalid skill 실 오브 스커지 (1247/16), class:미스틱 뮤즈, Player:가츠[268469059], BROADCAST
[04.28 09:07:44] AUDIT, Player 가츠 has invalid skill 실 오브 서스펜션 (1248/17), class:미스틱 뮤즈, Player:가츠[268469059], BROADCAST
[04.28 09:07:44] AUDIT, Player 가츠 has invalid skill 사이트 오브 파아그리오 (1249/3), class:미스틱 뮤즈, Player:가츠[268469059], BROADCAST
[04.28 09:07:44] AUDIT, Player 가츠 has invalid skill 실드 오브 파아그리오 (1250/3), class:미스틱 뮤즈, Player:가츠[268469059], BROADCAST
[04.28 09:07:44] AUDIT, Player 가츠 has invalid skill 하트 오브 파아그리오 (1256/16), class:미스틱 뮤즈, Player:가츠[268469059], BROADCAST
[04.28 09:07:44] AUDIT, Player 가츠 has invalid skill 택트 오브 파아그리오 (1260/3), class:미스틱 뮤즈, Player:가츠[268469059], BROADCAST
[04.28 09:07:44] AUDIT, Player 가츠 has invalid skill 레이지 오브 파아그리오 (1261/2), class:미스틱 뮤즈, Player:가츠[268469059], BROADCAST
[04.28 09:07:44] AUDIT, Player 가츠 has invalid skill 스피드 오브 파아그리오 (1282/2), class:미스틱 뮤즈, Player:가츠[268469059], BROADCAST
[04.28 09:07:44] AUDIT, Player 가츠 has invalid skill 소울 가드 (1283/13), class:미스틱 뮤즈, Player:가츠[268469059], BROADCAST
[04.28 09:07:44] AUDIT, Player 가츠 has invalid skill 오너 오브 파아그리오 (1305/15), class:미스틱 뮤즈, Player:가츠[268469059], BROADCAST
[04.28 09:07:44] AUDIT, Player 가츠 has invalid skill 리튜얼 오브 라이프 (1306/15), class:미스틱 뮤즈, Player:가츠[268469059], BROADCAST
[04.28 09:07:44] AUDIT, Player 가츠 has invalid skill 실 오브 디스페어 (1366/3), class:미스틱 뮤즈, Player:가츠[268469059], BROADCAST
[04.28 09:07:44] AUDIT, Player 가츠 has invalid skill 실 오브 디지즈 (1367/1), class:미스틱 뮤즈, Player:가츠[268469059], BROADCAST
[04.28 09:07:44] AUDIT, Player 가츠 has invalid skill 빅토리 오브 파아그리오 (1414/1), class:미스틱 뮤즈, Player:가츠[268469059], BROADCAST
[04.28 09:07:44] AUDIT, Player 가츠 has invalid skill 피스트 오브 파아그리오 (1416/1), class:미스틱 뮤즈, Player:가츠[268469059], BROADCAST
[04.28 09:07:44] AUDIT, Player 가츠 has invalid skill 파이어 오브 인빈시빌리티 (1427/1), class:미스틱 뮤즈, Player:가츠[268469059], BROADCAST
[04.28 09:07:44] AUDIT, Player 가츠 has invalid skill 실 오브 블럭케이드 (1462/2), class:미스틱 뮤즈, Player:가츠[268469059], BROADCAST
[04.28 09:07:44] AUDIT, Player 가츠 has invalid skill 턴 스톤 (1540/1), class:미스틱 뮤즈, Player:가츠[268469059], BROADCAST
[04.28 09:07:44] AUDIT, Player 가츠 has invalid skill 레스큐 오브 라이프 (1610/26), class:미스틱 뮤즈, Player:가츠[268469059], BROADCAST
[04.28 09:07:44] AUDIT, Player 가츠 has invalid skill 스펠 마스터 (1832/1), class:미스틱 뮤즈, Player:가츠[268469059], BROADCAST
[04.28 09:07:44] AUDIT, Player 가츠 has invalid skill 라이딩 블랙 베어 (1837/1), class:미스틱 뮤즈, Player:가츠[268469059], BROADCAST
[05.13 20:21:11] AUDIT, Player 가츠 has invalid skill 더블 샷 (19/3), class:플래인 워커, Player:가츠[268469059], BROADCAST
[05.13 20:21:11] AUDIT, Player 가츠 has invalid skill 스턴 샷 (101/6), class:플래인 워커, Player:가츠[268469059], BROADCAST
[05.13 20:21:11] AUDIT, Player 가츠 has invalid skill 롱 샷 (113/2), class:플래인 워커, Player:가츠[268469059], BROADCAST
[05.13 20:21:11] AUDIT, Player 가츠 has invalid skill 보우 마스터리 (208/18), class:플래인 워커, Player:가츠[268469059], BROADCAST
[05.13 20:47:30] AUDIT, Player 가츠 has invalid skill 아이언 펀치 (29/7), class:실버 레인져, Player:가츠[268469059], BROADCAST
[05.13 20:47:30] AUDIT, Player 가츠 has invalid skill 터프니스 (134/1), class:실버 레인져, Player:가츠[268469059], BROADCAST
[05.13 20:47:30] AUDIT, Player 가츠 has invalid skill 릴렉스 (226/1), class:실버 레인져, Player:가츠[268469059], BROADCAST
[05.30 08:39:16] AUDIT, Player 가츠 has invalid skill null (30279/1), class:실버 레인져, Player:가츠[268469059], BROADCAST
[05.30 08:59:39] AUDIT, Player 가츠 has invalid skill null (30279/1), class:실버 레인져, Player:가츠[268469059], BROADCAST
[05.30 11:07:08] AUDIT, Player 가츠 has invalid skill null (30279/1), class:실버 레인져, Player:가츠[268469059], BROADCAST
[05.30 16:38:02] AUDIT, Player 가츠 has invalid skill null (30279/1), class:실버 레인져, Player:가츠[268469059], BROADCAST
[06.22 01:25:08] AUDIT, Player 가츠 has invalid skill 사망 후유증 (5076/1), class:윈드 라이더, Player:가츠[268469059], BROADCAST
[06.23 04:23:41] AUDIT, Player 테스트 has invalid skill 파워 스트라이크 (3/9), class:비숍, Player:테스트[268490086], BROADCAST
[06.23 04:23:41] AUDIT, Player 테스트 has invalid skill 대시 (4/1), class:비숍, Player:테스트[268490086], BROADCAST
[06.23 04:23:41] AUDIT, Player 테스트 has invalid skill 모탈 블로우 (16/24), class:비숍, Player:테스트[268490086], BROADCAST
[06.23 04:23:41] AUDIT, Player 테스트 has invalid skill 더블 샷 (19/12), class:비숍, Player:테스트[268490086], BROADCAST
[06.23 04:23:41] AUDIT, Player 테스트 has invalid skill 버스트 샷 (24/6), class:비숍, Player:테스트[268490086], BROADCAST
[06.23 04:23:41] AUDIT, Player 테스트 has invalid skill 언락 (27/5), class:비숍, Player:테스트[268490086], BROADCAST
[06.23 04:23:41] AUDIT, Player 테스트 has invalid skill 파워 샷 (56/24), class:비숍, Player:테스트[268490086], BROADCAST
[06.23 04:23:41] AUDIT, Player 테스트 has invalid skill 블리드 (96/2), class:비숍, Player:테스트[268490086], BROADCAST
[06.23 04:23:41] AUDIT, Player 테스트 has invalid skill 래피드 샷 (99/1), class:비숍, Player:테스트[268490086], BROADCAST
[06.23 04:23:41] AUDIT, Player 테스트 has invalid skill 스턴 샷 (101/15), class:비숍, Player:테스트[268490086], BROADCAST
[06.23 04:23:41] AUDIT, Player 테스트 has invalid skill 얼터미트 이베이젼 (111/1), class:비숍, Player:테스트[268490086], BROADCAST
[06.23 04:23:41] AUDIT, Player 테스트 has invalid skill 롱 샷 (113/2), class:비숍, Player:테스트[268490086], BROADCAST
[06.23 04:23:41] AUDIT, Player 테스트 has invalid skill 호크 아이 (131/2), class:비숍, Player:테스트[268490086], BROADCAST
[06.23 04:23:41] AUDIT, Player 테스트 has invalid skill 크리티컬 챈스 (137/1), class:비숍, Player:테스트[268490086], BROADCAST
[06.23 04:23:41] AUDIT, Player 테스트 has invalid skill 웨폰 마스터리 (141/3), class:비숍, Player:테스트[268490086], BROADCAST
[06.23 04:23:41] AUDIT, Player 테스트 has invalid skill 아머 마스터리 (142/5), class:비숍, Player:테스트[268490086], BROADCAST
[06.23 04:23:41] AUDIT, Player 테스트 has invalid skill 바이탈 포스 (148/4), class:비숍, Player:테스트[268490086], BROADCAST
[06.23 04:23:41] AUDIT, Player 테스트 has invalid skill 부스트 어택 스피드 (168/1), class:비숍, Player:테스트[268490086], BROADCAST
[06.23 04:23:41] AUDIT, Player 테스트 has invalid skill 퀵 스텝 (169/2), class:비숍, Player:테스트[268490086], BROADCAST
[06.23 04:23:41] AUDIT, Player 테스트 has invalid skill 에스프리 (171/4), class:비숍, Player:테스트[268490086], BROADCAST
[06.23 04:23:41] AUDIT, Player 테스트 has invalid skill 아크로뱃 (173/1), class:비숍, Player:테스트[268490086], BROADCAST
[06.23 04:23:41] AUDIT, Player 테스트 has invalid skill 크리티컬 파워 (193/2), class:비숍, Player:테스트[268490086], BROADCAST
[06.23 04:23:41] AUDIT, Player 테스트 has invalid skill 부스트 브레스 (195/1), class:비숍, Player:테스트[268490086], BROADCAST
[06.23 04:23:41] AUDIT, Player 테스트 has invalid skill 부스트 이베이젼 (198/1), class:비숍, Player:테스트[268490086], BROADCAST
[06.23 04:23:41] AUDIT, Player 테스트 has invalid skill 보우 마스터리 (208/27), class:비숍, Player:테스트[268490086], BROADCAST
[06.23 04:23:41] AUDIT, Player 테스트 has invalid skill 대거 마스터리 (209/8), class:비숍, Player:테스트[268490086], BROADCAST
[06.23 04:23:41] AUDIT, Player 테스트 has invalid skill 아크로뱃 무브 (225/2), class:비숍, Player:테스트[268490086], BROADCAST
[06.23 04:23:41] AUDIT, Player 테스트 has invalid skill 릴렉스 (226/1), class:비숍, Player:테스트[268490086], BROADCAST
[06.23 04:23:41] AUDIT, Player 테스트 has invalid skill 라이트 아머 마스터리 (233/22), class:비숍, Player:테스트[268490086], BROADCAST
[06.23 04:23:41] AUDIT, Player 테스트 has invalid skill 어큐러시 (256/1), class:비숍, Player:테스트[268490086], BROADCAST
[06.23 04:23:41] AUDIT, Player 테스트 has invalid skill 비셔스 스탠스 (312/9), class:비숍, Player:테스트[268490086], BROADCAST
[07.02 21:31:24] AUDIT, Player 가츠 has invalid skill null (30283/1), class:윈드 라이더, Player:가츠[268469059], BROADCAST
[07.02 21:32:15] AUDIT, Player 가츠 has invalid skill null (30283/1), class:윈드 라이더, Player:가츠[268469059], BROADCAST
[07.02 21:33:46] AUDIT, Player 가츠 has invalid skill 변신상태 - 개구리 (6201/1), class:윈드 라이더, Player:가츠[268469059], BROADCAST
[07.02 21:38:43] AUDIT, Player 가츠 has invalid skill null (30283/1), class:윈드 라이더, Player:가츠[268469059], BROADCAST
[07.02 21:39:08] AUDIT, Player 가츠 has invalid skill null (30283/1), class:윈드 라이더, Player:가츠[268469059], BROADCAST
[07.02 22:05:06] AUDIT, Player 가츠 has invalid skill 스피릿 더 팬텀 (930/1), class:윈드 라이더, Player:가츠[268469059], BROADCAST
[07.02 22:05:06] AUDIT, Player 가츠 has invalid skill 꽃 비가 내리는 아름다운 밤 (30273/1), class:윈드 라이더, Player:가츠[268469059], BROADCAST
[07.02 22:05:06] AUDIT, Player 가츠 has invalid skill null (30283/1), class:윈드 라이더, Player:가츠[268469059], BROADCAST
[07.02 22:38:49] AUDIT, Player 가츠 has invalid skill 스피릿 더 팬텀 (930/1), class:윈드 라이더, Player:가츠[268469059], BROADCAST
[07.03 03:12:32] AUDIT, Player 가츠 has invalid skill 트랜스폼 디스펠 (619/1), class:윈드 라이더, Player:가츠[268469059], BROADCAST
[07.03 16:44:46] AUDIT, Player 가츠 has invalid skill 스피릿 더 팬텀 (930/1), class:윈드 라이더, Player:가츠[268469059], BROADCAST
[07.03 18:14:55] AUDIT, Player 가츠 has invalid skill 변신상태 - 개구리 (6201/1), class:윈드 라이더, Player:가츠[268469059], BROADCAST
[07.03 18:16:48] AUDIT, Player 가츠 has invalid skill 변신상태 - 개구리 (6201/1), class:윈드 라이더, Player:가츠[268469059], BROADCAST
[07.03 18:17:16] AUDIT, Player 가츠 has invalid skill 변신상태 - 개구리 (6201/1), class:윈드 라이더, Player:가츠[268469059], BROADCAST
[07.03 18:20:29] AUDIT, Player 가츠 has invalid skill 변신상태 - 개구리 (6201/1), class:윈드 라이더, Player:가츠[268469059], BROADCAST
[07.03 18:23:07] AUDIT, Player 가츠 has invalid skill 변신상태 - 개구리 (6201/1), class:윈드 라이더, Player:가츠[268469059], BROADCAST
[07.03 18:27:45] AUDIT, Player 가츠 has invalid skill 스피릿 더 팬텀 (930/1), class:윈드 라이더, Player:가츠[268469059], BROADCAST
[07.03 18:27:45] AUDIT, Player 가츠 has invalid skill 변신상태 - 개구리 (6201/1), class:윈드 라이더, Player:가츠[268469059], BROADCAST
[07.03 18:39:14] AUDIT, Player 가츠 has invalid skill 스피릿 더 팬텀 (930/1), class:엘레멘탈 마스터, Player:가츠[268469059], BROADCAST
[07.03 18:48:44] AUDIT, Player 가츠 has invalid skill 스피릿 더 팬텀 (930/1), class:엘레멘탈 마스터, Player:가츠[268469059], BROADCAST
[07.09 13:34:22] AUDIT, Player 가츠 has invalid skill 드래곤 버서커 (51183/1), class:엘레멘탈 마스터, Player:가츠[268469059], BROADCAST
[07.09 14:06:32] AUDIT, Player 가츠 has invalid skill 서먼 라이프 큐빅 (67/11), class:메이지, Player:가츠[268469059], BROADCAST
[07.09 14:06:32] AUDIT, Player 가츠 has invalid skill 큐빅 마스터리 (143/2), class:메이지, Player:가츠[268469059], BROADCAST
[07.09 14:06:32] AUDIT, Player 가츠 has invalid skill 안티 매직 (146/50), class:메이지, Player:가츠[268469059], BROADCAST
[07.09 14:06:32] AUDIT, Player 가츠 has invalid skill 퀵 리커버리 (164/3), class:메이지, Player:가츠[268469059], BROADCAST
[07.09 14:06:32] AUDIT, Player 가츠 has invalid skill 패스트 HP 리커버리 (212/6), class:메이지, Player:가츠[268469059], BROADCAST
[07.09 14:06:32] AUDIT, Player 가츠 has invalid skill 부스트 마나 (213/8), class:메이지, Player:가츠[268469059], BROADCAST
[07.09 14:06:32] AUDIT, Player 가츠 has invalid skill 패스트 스펠 캐스팅 (228/3), class:메이지, Player:가츠[268469059], BROADCAST
[07.09 14:06:32] AUDIT, Player 가츠 has invalid skill 패스트 마나 리커버리 (229/7), class:메이지, Player:가츠[268469059], BROADCAST
[07.09 14:06:32] AUDIT, Player 가츠 has invalid skill 로브 마스터리 (234/46), class:메이지, Player:가츠[268469059], BROADCAST
[07.09 14:06:32] AUDIT, Player 가츠 has invalid skill 웨폰 마스터리 (249/47), class:메이지, Player:가츠[268469059], BROADCAST
[07.09 14:06:32] AUDIT, Player 가츠 has invalid skill 라이트 아머 마스터리 (258/38), class:메이지, Player:가츠[268469059], BROADCAST
[07.09 14:06:32] AUDIT, Player 가츠 has invalid skill 하이어 마나 게인 (285/8), class:메이지, Player:가츠[268469059], BROADCAST
[07.09 14:06:32] AUDIT, Player 가츠 has invalid skill 매지션즈 윌 (945/1), class:메이지, Player:가츠[268469059], BROADCAST
[07.09 14:06:32] AUDIT, Player 가츠 has invalid skill 슬리프 (1069/9), class:메이지, Player:가츠[268469059], BROADCAST
[07.09 14:06:32] AUDIT, Player 가츠 has invalid skill 콘센트레이션 (1078/2), class:메이지, Player:가츠[268469059], BROADCAST
[07.09 14:06:32] AUDIT, Player 가츠 has invalid skill 서비터 리차지 (1126/39), class:메이지, Player:가츠[268469059], BROADCAST
[07.09 14:06:32] AUDIT, Player 가츠 has invalid skill 서비터 힐 (1127/50), class:메이지, Player:가츠[268469059], BROADCAST
[07.09 14:06:32] AUDIT, Player 가츠 has invalid skill 서비터 매직 실드 (1139/2), class:메이지, Player:가츠[268469059], BROADCAST
[07.09 14:06:32] AUDIT, Player 가츠 has invalid skill 서비터 피지컬 실드 (1140/3), class:메이지, Player:가츠[268469059], BROADCAST
[07.09 14:06:32] AUDIT, Player 가츠 has invalid skill 서비터 헤이스트 (1141/2), class:메이지, Player:가츠[268469059], BROADCAST
[07.09 14:06:32] AUDIT, Player 가츠 has invalid skill 브라이트 서비터 (1145/3), class:메이지, Player:가츠[268469059], BROADCAST
[07.09 14:06:32] AUDIT, Player 가츠 has invalid skill 바디 투 마인드 (1157/1), class:메이지, Player:가츠[268469059], BROADCAST
[07.09 14:06:32] AUDIT, Player 가츠 has invalid skill 커스 위크니스 (1164/5), class:메이지, Player:가츠[268469059], BROADCAST
[07.09 14:06:32] AUDIT, Player 가츠 has invalid skill 오라 번 (1172/8), class:메이지, Player:가츠[268469059], BROADCAST
[07.09 14:06:32] AUDIT, Player 가츠 has invalid skill 아쿠아 스월 (1175/30), class:메이지, Player:가츠[268469059], BROADCAST
[07.09 14:06:32] AUDIT, Player 가츠 has invalid skill 플레임 스트라이크 (1181/3), class:메이지, Player:가츠[268469059], BROADCAST
[07.09 14:06:32] AUDIT, Player 가츠 has invalid skill 아이스 볼트 (1184/6), class:메이지, Player:가츠[268469059], BROADCAST
[07.09 14:06:32] AUDIT, Player 가츠 has invalid skill 윈드 셰클 (1206/1), class:메이지, Player:가츠[268469059], BROADCAST
[07.09 14:06:32] AUDIT, Player 가츠 has invalid skill 서먼 유니콘 박서 (1226/18), class:메이지, Player:가츠[268469059], BROADCAST
[07.09 14:06:32] AUDIT, Player 가츠 has invalid skill 서먼 유니콘 미라쥬 (1227/18), class:메이지, Player:가츠[268469059], BROADCAST
[07.09 14:06:32] AUDIT, Player 가츠 has invalid skill 트랜스퍼 페인 (1262/5), class:메이지, Player:가츠[268469059], BROADCAST
[07.09 14:06:32] AUDIT, Player 가츠 has invalid skill 솔라 스파크 (1264/3), class:메이지, Player:가츠[268469059], BROADCAST
[07.09 14:06:32] AUDIT, Player 가츠 has invalid skill 에너지 볼트 (1274/4), class:메이지, Player:가츠[268469059], BROADCAST
[07.09 14:06:32] AUDIT, Player 가츠 has invalid skill 서먼 유니콘 메로우 (1277/14), class:메이지, Player:가츠[268469059], BROADCAST
[07.09 14:06:32] AUDIT, Player 가츠 has invalid skill 서먼 아쿠아 큐빅 (1280/12), class:메이지, Player:가츠[268469059], BROADCAST
[07.09 14:06:32] AUDIT, Player 가츠 has invalid skill 서비터 얼터미트 디펜스 (1299/2), class:메이지, Player:가츠[268469059], BROADCAST
[07.09 14:06:32] AUDIT, Player 가츠 has invalid skill 서비터 큐어 (1300/3), class:메이지, Player:가츠[268469059], BROADCAST
[07.09 14:06:32] AUDIT, Player 가츠 has invalid skill 서비터 블레싱 (1301/1), class:메이지, Player:가츠[268469059], BROADCAST
[07.09 14:06:32] AUDIT, Player 가츠 has invalid skill 서먼 유니콘 세라핌 (1332/3), class:메이지, Player:가츠[268469059], BROADCAST
[07.09 14:06:32] AUDIT, Player 가츠 has invalid skill 위저드 서비터 (1347/1), class:메이지, Player:가츠[268469059], BROADCAST
[07.09 14:06:32] AUDIT, Player 가츠 has invalid skill 파이널 서비터 (1349/1), class:메이지, Player:가츠[268469059], BROADCAST
[07.09 14:06:32] AUDIT, Player 가츠 has invalid skill 워리어 베인 (1350/3), class:메이지, Player:가츠[268469059], BROADCAST
[07.09 14:06:32] AUDIT, Player 가츠 has invalid skill 메이지 베인 (1351/3), class:메이지, Player:가츠[268469059], BROADCAST
[07.09 14:06:32] AUDIT, Player 가츠 has invalid skill 서먼 프렌드 (1403/1), class:메이지, Player:가츠[268469059], BROADCAST
[07.09 14:06:32] AUDIT, Player 가츠 has invalid skill 인크리스 오브 디비니티 (1405/4), class:메이지, Player:가츠[268469059], BROADCAST
[07.09 14:06:32] AUDIT, Player 가츠 has invalid skill 서먼 유니콘 매그너스 (1407/2), class:메이지, Player:가츠[268469059], BROADCAST
[07.09 14:06:32] AUDIT, Player 가츠 has invalid skill 서비터 배리어 (1496/1), class:메이지, Player:가츠[268469059], BROADCAST
[07.09 14:06:32] AUDIT, Player 가츠 has invalid skill 익세시브 로열티 (1497/1), class:메이지, Player:가츠[268469059], BROADCAST
[07.09 14:06:32] AUDIT, Player 가츠 has invalid skill 뮤추얼 리스폰스 (1498/1), class:메이지, Player:가츠[268469059], BROADCAST
[07.09 14:06:32] AUDIT, Player 가츠 has invalid skill 스피릿 쉐어링 (1547/4), class:메이지, Player:가츠[268469059], BROADCAST
[07.09 14:06:32] AUDIT, Player 가츠 has invalid skill 쉐어링 어빌리티 (1557/2), class:메이지, Player:가츠[268469059], BROADCAST
[07.09 14:06:32] AUDIT, Player 가츠 has invalid skill 트렌센던스 피지컬 (1611/5), class:메이지, Player:가츠[268469059], BROADCAST
[07.09 14:06:32] AUDIT, Player 가츠 has invalid skill 스펠 마스터 (1830/1), class:메이지, Player:가츠[268469059], BROADCAST
[07.09 14:06:32] AUDIT, Player 가츠 has invalid skill 라이딩 페가수스 (1834/1), class:메이지, Player:가츠[268469059], BROADCAST
[07.09 14:06:32] AUDIT, Player 가츠 has invalid skill 드래곤 버서커 (30283/1), class:메이지, Player:가츠[268469059], BROADCAST
[07.09 14:06:32] AUDIT, Player 가츠 has invalid skill 하이 프리스트 (30284/1), class:메이지, Player:가츠[268469059], BROADCAST
[07.09 14:06:32] AUDIT, Player 가츠 has invalid skill 캣더캣 (30285/1), class:메이지, Player:가츠[268469059], BROADCAST
[07.09 14:06:32] AUDIT, Player 가츠 has invalid skill 곰돌이 (30286/1), class:메이지, Player:가츠[268469059], BROADCAST
[07.10 13:31:58] AUDIT, Player 가츠 has invalid skill null (30287/1), class:메이지, Player:가츠[268469059], BROADCAST
[07.10 13:31:58] AUDIT, Player 가츠 has invalid skill null (30288/1), class:메이지, Player:가츠[268469059], BROADCAST
[07.10 13:38:26] AUDIT, Player 가츠 has invalid skill 성장의 축복 (30287/1), class:메이지, Player:가츠[268469059], BROADCAST
[07.10 13:38:26] AUDIT, Player 가츠 has invalid skill 운수 좋은 날 (30288/1), class:메이지, Player:가츠[268469059], BROADCAST
