[11.24 12:00:45] GENERAL [Player:가츠[268469059]] d
[11.24 12:05:08] GENERAL [Player:가츠[268469059]] 5.6 7 3 2d
[11.24 12:07:18] GENERAL [Player:가츠[268469059]] f
[11.24 12:08:45] GENERAL [Player:가츠[268469059]] d
[11.24 12:10:37] GENERAL [Player:가츠[268469059]] 2
[11.24 12:15:48] GENERAL [Player:가츠[268469059]] dd
[11.24 12:21:46] GENERAL [Player:가츠[268469059]] d
[11.24 12:23:06] GENERAL [Player:가츠[268469059]] d
[11.24 12:24:08] GENERAL [Player:가츠[268469059]] d
[11.24 12:25:04] GENERAL [Player:가츠[268469059]] d
[11.24 12:25:59] GENERAL [Player:가츠[268469059]] d
[11.24 12:31:02] GENERAL [Player:가츠[268469059]] d
[11.25 05:03:30] GENERAL [Player:가츠[268469059]] 0000
[11.28 14:32:13] GENERAL [Player:테스트[269331549]] ㅅ
[12.19 23:38:25] GENERAL [Player:가츠[268469059]] .bank
[12.19 23:39:08] GENERAL [Player:가츠[268469059]] .쿠폰사용
[12.19 23:39:22] GENERAL [Player:가츠[268469059]] .쿠폰사용
[12.19 23:39:37] GENERAL [Player:가츠[268469059]] .쿠폰사용
[12.19 23:39:43] GENERAL [Player:가츠[268469059]] .쿠폰사용
[12.19 23:39:55] GENERAL [Player:가츠[268469059]] .쿠폰사용
[12.19 23:40:05] GENERAL [Player:가츠[268469059]] .쿠폰사용
[12.19 23:42:57] GENERAL [Player:가츠[268469059]] .쿠폰사용
[12.19 23:43:19] GENERAL [Player:가츠[268469059]] .쿠폰사용
[12.19 23:43:29] GENERAL [Player:가츠[268469059]] .쿠폰사용
[12.20 00:05:35] GENERAL [Player:가츠[268469059]] .쿠폰등록
[12.20 00:05:42] GENERAL [Player:가츠[268469059]] .쿠폰사용
[12.20 00:16:11] GENERAL [Player:가츠[268469059]] .쿠폰사용
[12.20 00:16:20] GENERAL [Player:가츠[268469059]] .쿠폰사용
[12.20 00:19:34] GENERAL [Player:가츠[268469059]] .쿠폰사용
[12.20 00:31:50] GENERAL [Player:가츠[268469059]] .쿠폰사용
[12.22 14:44:55] ALLIANCE [Player:하이루[268960727]] 무
[12.22 14:45:00] ALLIANCE [Player:하이루[268960727]] 먼일이지
